app/lint/intermediates/manifest_merge_blame_file/debug/manifest-merger-blame-debug-report.txt
1<?xml version="1.0" encoding="utf-8"?>
2<manifest xmlns:android="http://schemas.android.com/apk/res/android"
3    package="dev.imanuel.jewels"
4    android:versionCode="1"
5    android:versionName="1.0" >
6
7    <uses-sdk
8        android:minSdkVersion="28"
9        android:targetSdkVersion="34" />
10
11    <uses-feature android:name="android.hardware.camera" />
11-->src/main/AndroidManifest.xml:5:5-59
11-->src/main/AndroidManifest.xml:5:19-57
12    <uses-feature android:name="android.hardware.camera.autofocus" />
12-->src/main/AndroidManifest.xml:6:5-69
12-->src/main/AndroidManifest.xml:6:19-67
13
14    <uses-permission android:name="android.permission.BLUETOOTH_CONNECT" />
14-->src/main/AndroidManifest.xml:8:5-75
14-->src/main/AndroidManifest.xml:8:22-73
15    <uses-permission android:name="android.permission.CAMERA" />
15-->src/main/AndroidManifest.xml:9:5-64
15-->src/main/AndroidManifest.xml:9:22-62
16    <uses-permission android:name="android.permission.INTERNET" />
16-->src/main/AndroidManifest.xml:10:5-66
16-->src/main/AndroidManifest.xml:10:22-64
17    <uses-permission android:name="android.permission.BLUETOOTH" />
17-->src/main/AndroidManifest.xml:11:5-67
17-->src/main/AndroidManifest.xml:11:22-65
18    <uses-permission android:name="android.permission.RECEIVE_BOOT_COMPLETED" />
18-->src/main/AndroidManifest.xml:12:5-80
18-->src/main/AndroidManifest.xml:12:22-78
19    <uses-permission android:name="android.permission.WAKE_LOCK" />
19-->[androidx.work:work-runtime:2.9.0] AndroidManifest.xml:23:5-68
19-->[androidx.work:work-runtime:2.9.0] AndroidManifest.xml:23:22-65
20    <uses-permission android:name="android.permission.ACCESS_NETWORK_STATE" />
20-->[androidx.work:work-runtime:2.9.0] AndroidManifest.xml:24:5-79
20-->[androidx.work:work-runtime:2.9.0] AndroidManifest.xml:24:22-76
21    <uses-permission android:name="android.permission.FOREGROUND_SERVICE" />
21-->[androidx.work:work-runtime:2.9.0] AndroidManifest.xml:26:5-77
21-->[androidx.work:work-runtime:2.9.0] AndroidManifest.xml:26:22-74
22
23    <permission
23-->[androidx.core:core:1.13.1] AndroidManifest.xml:22:5-24:47
24        android:name="dev.imanuel.jewels.DYNAMIC_RECEIVER_NOT_EXPORTED_PERMISSION"
24-->[androidx.core:core:1.13.1] AndroidManifest.xml:23:9-81
25        android:protectionLevel="signature" />
25-->[androidx.core:core:1.13.1] AndroidManifest.xml:24:9-44
26
27    <uses-permission android:name="dev.imanuel.jewels.DYNAMIC_RECEIVER_NOT_EXPORTED_PERMISSION" />
27-->[androidx.core:core:1.13.1] AndroidManifest.xml:26:5-97
27-->[androidx.core:core:1.13.1] AndroidManifest.xml:26:22-94
28
29    <application
29-->src/main/AndroidManifest.xml:14:5-55:19
30        android:name="dev.imanuel.jewels.JewelsApplication"
30-->src/main/AndroidManifest.xml:15:13-46
31        android:allowBackup="true"
31-->src/main/AndroidManifest.xml:16:13-39
32        android:appComponentFactory="androidx.core.app.CoreComponentFactory"
32-->[androidx.core:core:1.13.1] AndroidManifest.xml:28:18-86
33        android:dataExtractionRules="@xml/data_extraction_rules"
33-->src/main/AndroidManifest.xml:17:13-69
34        android:debuggable="true"
35        android:extractNativeLibs="false"
36        android:fullBackupContent="@xml/backup_rules"
36-->src/main/AndroidManifest.xml:18:13-58
37        android:icon="@mipmap/ic_launcher"
37-->src/main/AndroidManifest.xml:19:13-47
38        android:label="@string/app_name"
38-->src/main/AndroidManifest.xml:20:13-45
39        android:roundIcon="@mipmap/ic_launcher_round"
39-->src/main/AndroidManifest.xml:21:13-58
40        android:supportsRtl="true"
40-->src/main/AndroidManifest.xml:22:13-39
41        android:theme="@style/Theme.Jewels" >
41-->src/main/AndroidManifest.xml:23:13-48
42        <provider
43            android:name="androidx.startup.InitializationProvider"
43-->src/main/AndroidManifest.xml:26:17-71
44            android:authorities="dev.imanuel.jewels.androidx-startup"
44-->src/main/AndroidManifest.xml:27:17-72
45            android:exported="false" >
45-->src/main/AndroidManifest.xml:28:17-41
46            <meta-data
46-->[androidx.emoji2:emoji2:1.3.0] AndroidManifest.xml:29:13-31:52
47                android:name="androidx.emoji2.text.EmojiCompatInitializer"
47-->[androidx.emoji2:emoji2:1.3.0] AndroidManifest.xml:30:17-75
48                android:value="androidx.startup" />
48-->[androidx.emoji2:emoji2:1.3.0] AndroidManifest.xml:31:17-49
49            <meta-data
49-->[androidx.lifecycle:lifecycle-process:2.8.0] AndroidManifest.xml:29:13-31:52
50                android:name="androidx.lifecycle.ProcessLifecycleInitializer"
50-->[androidx.lifecycle:lifecycle-process:2.8.0] AndroidManifest.xml:30:17-78
51                android:value="androidx.startup" />
51-->[androidx.lifecycle:lifecycle-process:2.8.0] AndroidManifest.xml:31:17-49
52            <meta-data
52-->[androidx.profileinstaller:profileinstaller:1.3.1] AndroidManifest.xml:29:13-31:52
53                android:name="androidx.profileinstaller.ProfileInstallerInitializer"
53-->[androidx.profileinstaller:profileinstaller:1.3.1] AndroidManifest.xml:30:17-85
54                android:value="androidx.startup" />
54-->[androidx.profileinstaller:profileinstaller:1.3.1] AndroidManifest.xml:31:17-49
55        </provider>
56
57        <receiver
57-->src/main/AndroidManifest.xml:36:9-43:20
58            android:name="dev.imanuel.jewels.BootReceiver"
58-->src/main/AndroidManifest.xml:37:17-45
59            android:enabled="true"
59-->src/main/AndroidManifest.xml:38:17-39
60            android:exported="true" >
60-->src/main/AndroidManifest.xml:39:17-40
61            <intent-filter>
61-->src/main/AndroidManifest.xml:40:13-42:29
62                <action android:name="android.intent.action.BOOT_COMPLETED" />
62-->src/main/AndroidManifest.xml:41:17-78
62-->src/main/AndroidManifest.xml:41:25-76
63            </intent-filter>
64        </receiver>
65
66        <activity
66-->src/main/AndroidManifest.xml:45:9-54:20
67            android:name="dev.imanuel.jewels.MainActivity"
67-->src/main/AndroidManifest.xml:46:17-45
68            android:exported="true"
68-->src/main/AndroidManifest.xml:47:17-40
69            android:theme="@style/Theme.Jewels" >
69-->src/main/AndroidManifest.xml:48:17-52
70            <intent-filter>
70-->src/main/AndroidManifest.xml:49:13-53:29
71                <action android:name="android.intent.action.MAIN" />
71-->src/main/AndroidManifest.xml:50:17-68
71-->src/main/AndroidManifest.xml:50:25-66
72
73                <category android:name="android.intent.category.LAUNCHER" />
73-->src/main/AndroidManifest.xml:52:17-76
73-->src/main/AndroidManifest.xml:52:27-74
74            </intent-filter>
75        </activity>
76        <!--
77        Service for holding metadata. Cannot be instantiated.
78        Metadata will be merged from other manifests.
79        -->
80        <service
80-->[androidx.camera:camera-core:1.3.3] AndroidManifest.xml:29:9-33:78
81            android:name="androidx.camera.core.impl.MetadataHolderService"
81-->[androidx.camera:camera-core:1.3.3] AndroidManifest.xml:30:13-75
82            android:enabled="false"
82-->[androidx.camera:camera-core:1.3.3] AndroidManifest.xml:31:13-36
83            android:exported="false" >
83-->[androidx.camera:camera-core:1.3.3] AndroidManifest.xml:32:13-37
84            <meta-data
84-->[androidx.camera:camera-camera2:1.3.3] AndroidManifest.xml:30:13-32:89
85                android:name="androidx.camera.core.impl.MetadataHolderService.DEFAULT_CONFIG_PROVIDER"
85-->[androidx.camera:camera-camera2:1.3.3] AndroidManifest.xml:31:17-103
86                android:value="androidx.camera.camera2.Camera2Config$DefaultProvider" />
86-->[androidx.camera:camera-camera2:1.3.3] AndroidManifest.xml:32:17-86
87        </service>
88        <service
88-->[androidx.work:work-runtime:2.9.0] AndroidManifest.xml:39:9-45:35
89            android:name="androidx.work.impl.background.systemalarm.SystemAlarmService"
89-->[androidx.work:work-runtime:2.9.0] AndroidManifest.xml:40:13-88
90            android:directBootAware="false"
90-->[androidx.work:work-runtime:2.9.0] AndroidManifest.xml:41:13-44
91            android:enabled="@bool/enable_system_alarm_service_default"
91-->[androidx.work:work-runtime:2.9.0] AndroidManifest.xml:42:13-72
92            android:exported="false" />
92-->[androidx.work:work-runtime:2.9.0] AndroidManifest.xml:43:13-37
93        <service
93-->[androidx.work:work-runtime:2.9.0] AndroidManifest.xml:46:9-52:35
94            android:name="androidx.work.impl.background.systemjob.SystemJobService"
94-->[androidx.work:work-runtime:2.9.0] AndroidManifest.xml:47:13-84
95            android:directBootAware="false"
95-->[androidx.work:work-runtime:2.9.0] AndroidManifest.xml:48:13-44
96            android:enabled="@bool/enable_system_job_service_default"
96-->[androidx.work:work-runtime:2.9.0] AndroidManifest.xml:49:13-70
97            android:exported="true"
97-->[androidx.work:work-runtime:2.9.0] AndroidManifest.xml:50:13-36
98            android:permission="android.permission.BIND_JOB_SERVICE" />
98-->[androidx.work:work-runtime:2.9.0] AndroidManifest.xml:51:13-69
99        <service
99-->[androidx.work:work-runtime:2.9.0] AndroidManifest.xml:53:9-59:35
100            android:name="androidx.work.impl.foreground.SystemForegroundService"
100-->[androidx.work:work-runtime:2.9.0] AndroidManifest.xml:54:13-81
101            android:directBootAware="false"
101-->[androidx.work:work-runtime:2.9.0] AndroidManifest.xml:55:13-44
102            android:enabled="@bool/enable_system_foreground_service_default"
102-->[androidx.work:work-runtime:2.9.0] AndroidManifest.xml:56:13-77
103            android:exported="false" />
103-->[androidx.work:work-runtime:2.9.0] AndroidManifest.xml:57:13-37
104
105        <receiver
105-->[androidx.work:work-runtime:2.9.0] AndroidManifest.xml:61:9-66:35
106            android:name="androidx.work.impl.utils.ForceStopRunnable$BroadcastReceiver"
106-->[androidx.work:work-runtime:2.9.0] AndroidManifest.xml:62:13-88
107            android:directBootAware="false"
107-->[androidx.work:work-runtime:2.9.0] AndroidManifest.xml:63:13-44
108            android:enabled="true"
108-->[androidx.work:work-runtime:2.9.0] AndroidManifest.xml:64:13-35
109            android:exported="false" />
109-->[androidx.work:work-runtime:2.9.0] AndroidManifest.xml:65:13-37
110        <receiver
110-->[androidx.work:work-runtime:2.9.0] AndroidManifest.xml:67:9-77:20
111            android:name="androidx.work.impl.background.systemalarm.ConstraintProxy$BatteryChargingProxy"
111-->[androidx.work:work-runtime:2.9.0] AndroidManifest.xml:68:13-106
112            android:directBootAware="false"
112-->[androidx.work:work-runtime:2.9.0] AndroidManifest.xml:69:13-44
113            android:enabled="false"
113-->[androidx.work:work-runtime:2.9.0] AndroidManifest.xml:70:13-36
114            android:exported="false" >
114-->[androidx.work:work-runtime:2.9.0] AndroidManifest.xml:71:13-37
115            <intent-filter>
115-->[androidx.work:work-runtime:2.9.0] AndroidManifest.xml:73:13-76:29
116                <action android:name="android.intent.action.ACTION_POWER_CONNECTED" />
116-->[androidx.work:work-runtime:2.9.0] AndroidManifest.xml:74:17-87
116-->[androidx.work:work-runtime:2.9.0] AndroidManifest.xml:74:25-84
117                <action android:name="android.intent.action.ACTION_POWER_DISCONNECTED" />
117-->[androidx.work:work-runtime:2.9.0] AndroidManifest.xml:75:17-90
117-->[androidx.work:work-runtime:2.9.0] AndroidManifest.xml:75:25-87
118            </intent-filter>
119        </receiver>
120        <receiver
120-->[androidx.work:work-runtime:2.9.0] AndroidManifest.xml:78:9-88:20
121            android:name="androidx.work.impl.background.systemalarm.ConstraintProxy$BatteryNotLowProxy"
121-->[androidx.work:work-runtime:2.9.0] AndroidManifest.xml:79:13-104
122            android:directBootAware="false"
122-->[androidx.work:work-runtime:2.9.0] AndroidManifest.xml:80:13-44
123            android:enabled="false"
123-->[androidx.work:work-runtime:2.9.0] AndroidManifest.xml:81:13-36
124            android:exported="false" >
124-->[androidx.work:work-runtime:2.9.0] AndroidManifest.xml:82:13-37
125            <intent-filter>
125-->[androidx.work:work-runtime:2.9.0] AndroidManifest.xml:84:13-87:29
126                <action android:name="android.intent.action.BATTERY_OKAY" />
126-->[androidx.work:work-runtime:2.9.0] AndroidManifest.xml:85:17-77
126-->[androidx.work:work-runtime:2.9.0] AndroidManifest.xml:85:25-74
127                <action android:name="android.intent.action.BATTERY_LOW" />
127-->[androidx.work:work-runtime:2.9.0] AndroidManifest.xml:86:17-76
127-->[androidx.work:work-runtime:2.9.0] AndroidManifest.xml:86:25-73
128            </intent-filter>
129        </receiver>
130        <receiver
130-->[androidx.work:work-runtime:2.9.0] AndroidManifest.xml:89:9-99:20
131            android:name="androidx.work.impl.background.systemalarm.ConstraintProxy$StorageNotLowProxy"
131-->[androidx.work:work-runtime:2.9.0] AndroidManifest.xml:90:13-104
132            android:directBootAware="false"
132-->[androidx.work:work-runtime:2.9.0] AndroidManifest.xml:91:13-44
133            android:enabled="false"
133-->[androidx.work:work-runtime:2.9.0] AndroidManifest.xml:92:13-36
134            android:exported="false" >
134-->[androidx.work:work-runtime:2.9.0] AndroidManifest.xml:93:13-37
135            <intent-filter>
135-->[androidx.work:work-runtime:2.9.0] AndroidManifest.xml:95:13-98:29
136                <action android:name="android.intent.action.DEVICE_STORAGE_LOW" />
136-->[androidx.work:work-runtime:2.9.0] AndroidManifest.xml:96:17-83
136-->[androidx.work:work-runtime:2.9.0] AndroidManifest.xml:96:25-80
137                <action android:name="android.intent.action.DEVICE_STORAGE_OK" />
137-->[androidx.work:work-runtime:2.9.0] AndroidManifest.xml:97:17-82
137-->[androidx.work:work-runtime:2.9.0] AndroidManifest.xml:97:25-79
138            </intent-filter>
139        </receiver>
140        <receiver
140-->[androidx.work:work-runtime:2.9.0] AndroidManifest.xml:100:9-109:20
141            android:name="androidx.work.impl.background.systemalarm.ConstraintProxy$NetworkStateProxy"
141-->[androidx.work:work-runtime:2.9.0] AndroidManifest.xml:101:13-103
142            android:directBootAware="false"
142-->[androidx.work:work-runtime:2.9.0] AndroidManifest.xml:102:13-44
143            android:enabled="false"
143-->[androidx.work:work-runtime:2.9.0] AndroidManifest.xml:103:13-36
144            android:exported="false" >
144-->[androidx.work:work-runtime:2.9.0] AndroidManifest.xml:104:13-37
145            <intent-filter>
145-->[androidx.work:work-runtime:2.9.0] AndroidManifest.xml:106:13-108:29
146                <action android:name="android.net.conn.CONNECTIVITY_CHANGE" />
146-->[androidx.work:work-runtime:2.9.0] AndroidManifest.xml:107:17-79
146-->[androidx.work:work-runtime:2.9.0] AndroidManifest.xml:107:25-76
147            </intent-filter>
148        </receiver>
149        <receiver
149-->[androidx.work:work-runtime:2.9.0] AndroidManifest.xml:110:9-121:20
150            android:name="androidx.work.impl.background.systemalarm.RescheduleReceiver"
150-->[androidx.work:work-runtime:2.9.0] AndroidManifest.xml:111:13-88
151            android:directBootAware="false"
151-->[androidx.work:work-runtime:2.9.0] AndroidManifest.xml:112:13-44
152            android:enabled="false"
152-->[androidx.work:work-runtime:2.9.0] AndroidManifest.xml:113:13-36
153            android:exported="false" >
153-->[androidx.work:work-runtime:2.9.0] AndroidManifest.xml:114:13-37
154            <intent-filter>
154-->[androidx.work:work-runtime:2.9.0] AndroidManifest.xml:116:13-120:29
155                <action android:name="android.intent.action.BOOT_COMPLETED" />
155-->src/main/AndroidManifest.xml:41:17-78
155-->src/main/AndroidManifest.xml:41:25-76
156                <action android:name="android.intent.action.TIME_SET" />
156-->[androidx.work:work-runtime:2.9.0] AndroidManifest.xml:118:17-73
156-->[androidx.work:work-runtime:2.9.0] AndroidManifest.xml:118:25-70
157                <action android:name="android.intent.action.TIMEZONE_CHANGED" />
157-->[androidx.work:work-runtime:2.9.0] AndroidManifest.xml:119:17-81
157-->[androidx.work:work-runtime:2.9.0] AndroidManifest.xml:119:25-78
158            </intent-filter>
159        </receiver>
160        <receiver
160-->[androidx.work:work-runtime:2.9.0] AndroidManifest.xml:122:9-131:20
161            android:name="androidx.work.impl.background.systemalarm.ConstraintProxyUpdateReceiver"
161-->[androidx.work:work-runtime:2.9.0] AndroidManifest.xml:123:13-99
162            android:directBootAware="false"
162-->[androidx.work:work-runtime:2.9.0] AndroidManifest.xml:124:13-44
163            android:enabled="@bool/enable_system_alarm_service_default"
163-->[androidx.work:work-runtime:2.9.0] AndroidManifest.xml:125:13-72
164            android:exported="false" >
164-->[androidx.work:work-runtime:2.9.0] AndroidManifest.xml:126:13-37
165            <intent-filter>
165-->[androidx.work:work-runtime:2.9.0] AndroidManifest.xml:128:13-130:29
166                <action android:name="androidx.work.impl.background.systemalarm.UpdateProxies" />
166-->[androidx.work:work-runtime:2.9.0] AndroidManifest.xml:129:17-98
166-->[androidx.work:work-runtime:2.9.0] AndroidManifest.xml:129:25-95
167            </intent-filter>
168        </receiver>
169        <receiver
169-->[androidx.work:work-runtime:2.9.0] AndroidManifest.xml:132:9-142:20
170            android:name="androidx.work.impl.diagnostics.DiagnosticsReceiver"
170-->[androidx.work:work-runtime:2.9.0] AndroidManifest.xml:133:13-78
171            android:directBootAware="false"
171-->[androidx.work:work-runtime:2.9.0] AndroidManifest.xml:134:13-44
172            android:enabled="true"
172-->[androidx.work:work-runtime:2.9.0] AndroidManifest.xml:135:13-35
173            android:exported="true"
173-->[androidx.work:work-runtime:2.9.0] AndroidManifest.xml:136:13-36
174            android:permission="android.permission.DUMP" >
174-->[androidx.work:work-runtime:2.9.0] AndroidManifest.xml:137:13-57
175            <intent-filter>
175-->[androidx.work:work-runtime:2.9.0] AndroidManifest.xml:139:13-141:29
176                <action android:name="androidx.work.diagnostics.REQUEST_DIAGNOSTICS" />
176-->[androidx.work:work-runtime:2.9.0] AndroidManifest.xml:140:17-88
176-->[androidx.work:work-runtime:2.9.0] AndroidManifest.xml:140:25-85
177            </intent-filter>
178        </receiver>
179
180        <service
180-->[com.google.android.gms:play-services-mlkit-barcode-scanning:18.3.0] AndroidManifest.xml:9:9-15:19
181            android:name="com.google.mlkit.common.internal.MlKitComponentDiscoveryService"
181-->[com.google.android.gms:play-services-mlkit-barcode-scanning:18.3.0] AndroidManifest.xml:10:13-91
182            android:directBootAware="true"
182-->[com.google.mlkit:common:18.9.0] AndroidManifest.xml:17:13-43
183            android:exported="false" >
183-->[com.google.android.gms:play-services-mlkit-barcode-scanning:18.3.0] AndroidManifest.xml:11:13-37
184            <meta-data
184-->[com.google.android.gms:play-services-mlkit-barcode-scanning:18.3.0] AndroidManifest.xml:12:13-14:85
185                android:name="com.google.firebase.components:com.google.mlkit.vision.barcode.internal.BarcodeRegistrar"
185-->[com.google.android.gms:play-services-mlkit-barcode-scanning:18.3.0] AndroidManifest.xml:13:17-120
186                android:value="com.google.firebase.components.ComponentRegistrar" />
186-->[com.google.android.gms:play-services-mlkit-barcode-scanning:18.3.0] AndroidManifest.xml:14:17-82
187            <meta-data
187-->[com.google.mlkit:vision-common:17.3.0] AndroidManifest.xml:12:13-14:85
188                android:name="com.google.firebase.components:com.google.mlkit.vision.common.internal.VisionCommonRegistrar"
188-->[com.google.mlkit:vision-common:17.3.0] AndroidManifest.xml:13:17-124
189                android:value="com.google.firebase.components.ComponentRegistrar" />
189-->[com.google.mlkit:vision-common:17.3.0] AndroidManifest.xml:14:17-82
190            <meta-data
190-->[com.google.mlkit:common:18.9.0] AndroidManifest.xml:20:13-22:85
191                android:name="com.google.firebase.components:com.google.mlkit.common.internal.CommonComponentRegistrar"
191-->[com.google.mlkit:common:18.9.0] AndroidManifest.xml:21:17-120
192                android:value="com.google.firebase.components.ComponentRegistrar" />
192-->[com.google.mlkit:common:18.9.0] AndroidManifest.xml:22:17-82
193        </service>
194
195        <provider
195-->[com.google.mlkit:common:18.9.0] AndroidManifest.xml:9:9-13:38
196            android:name="com.google.mlkit.common.internal.MlKitInitProvider"
196-->[com.google.mlkit:common:18.9.0] AndroidManifest.xml:10:13-78
197            android:authorities="dev.imanuel.jewels.mlkitinitprovider"
197-->[com.google.mlkit:common:18.9.0] AndroidManifest.xml:11:13-69
198            android:exported="false"
198-->[com.google.mlkit:common:18.9.0] AndroidManifest.xml:12:13-37
199            android:initOrder="99" />
199-->[com.google.mlkit:common:18.9.0] AndroidManifest.xml:13:13-35
200
201        <activity
201-->[com.google.android.gms:play-services-base:18.1.0] AndroidManifest.xml:20:9-22:45
202            android:name="com.google.android.gms.common.api.GoogleApiActivity"
202-->[com.google.android.gms:play-services-base:18.1.0] AndroidManifest.xml:20:19-85
203            android:exported="false"
203-->[com.google.android.gms:play-services-base:18.1.0] AndroidManifest.xml:22:19-43
204            android:theme="@android:style/Theme.Translucent.NoTitleBar" />
204-->[com.google.android.gms:play-services-base:18.1.0] AndroidManifest.xml:21:19-78
205
206        <meta-data
206-->[com.google.android.gms:play-services-basement:18.1.0] AndroidManifest.xml:21:9-23:69
207            android:name="com.google.android.gms.version"
207-->[com.google.android.gms:play-services-basement:18.1.0] AndroidManifest.xml:22:13-58
208            android:value="@integer/google_play_services_version" />
208-->[com.google.android.gms:play-services-basement:18.1.0] AndroidManifest.xml:23:13-66
209
210        <uses-library
210-->[androidx.window:window:1.3.0-beta02] AndroidManifest.xml:23:9-25:40
211            android:name="androidx.window.extensions"
211-->[androidx.window:window:1.3.0-beta02] AndroidManifest.xml:24:13-54
212            android:required="false" />
212-->[androidx.window:window:1.3.0-beta02] AndroidManifest.xml:25:13-37
213        <uses-library
213-->[androidx.window:window:1.3.0-beta02] AndroidManifest.xml:26:9-28:40
214            android:name="androidx.window.sidecar"
214-->[androidx.window:window:1.3.0-beta02] AndroidManifest.xml:27:13-51
215            android:required="false" />
215-->[androidx.window:window:1.3.0-beta02] AndroidManifest.xml:28:13-37
216
217        <activity
217-->[androidx.compose.ui:ui-test-manifest:1.6.5] AndroidManifest.xml:23:9-25:39
218            android:name="androidx.activity.ComponentActivity"
218-->[androidx.compose.ui:ui-test-manifest:1.6.5] AndroidManifest.xml:24:13-63
219            android:exported="true" />
219-->[androidx.compose.ui:ui-test-manifest:1.6.5] AndroidManifest.xml:25:13-36
220        <activity
220-->[androidx.compose.ui:ui-tooling-android:1.6.5] AndroidManifest.xml:23:9-25:39
221            android:name="androidx.compose.ui.tooling.PreviewActivity"
221-->[androidx.compose.ui:ui-tooling-android:1.6.5] AndroidManifest.xml:24:13-71
222            android:exported="true" />
222-->[androidx.compose.ui:ui-tooling-android:1.6.5] AndroidManifest.xml:25:13-36
223
224        <service
224-->[androidx.room:room-runtime:2.5.0] AndroidManifest.xml:24:9-28:63
225            android:name="androidx.room.MultiInstanceInvalidationService"
225-->[androidx.room:room-runtime:2.5.0] AndroidManifest.xml:25:13-74
226            android:directBootAware="true"
226-->[androidx.room:room-runtime:2.5.0] AndroidManifest.xml:26:13-43
227            android:exported="false" />
227-->[androidx.room:room-runtime:2.5.0] AndroidManifest.xml:27:13-37
228
229        <receiver
229-->[androidx.profileinstaller:profileinstaller:1.3.1] AndroidManifest.xml:34:9-52:20
230            android:name="androidx.profileinstaller.ProfileInstallReceiver"
230-->[androidx.profileinstaller:profileinstaller:1.3.1] AndroidManifest.xml:35:13-76
231            android:directBootAware="false"
231-->[androidx.profileinstaller:profileinstaller:1.3.1] AndroidManifest.xml:36:13-44
232            android:enabled="true"
232-->[androidx.profileinstaller:profileinstaller:1.3.1] AndroidManifest.xml:37:13-35
233            android:exported="true"
233-->[androidx.profileinstaller:profileinstaller:1.3.1] AndroidManifest.xml:38:13-36
234            android:permission="android.permission.DUMP" >
234-->[androidx.profileinstaller:profileinstaller:1.3.1] AndroidManifest.xml:39:13-57
235            <intent-filter>
235-->[androidx.profileinstaller:profileinstaller:1.3.1] AndroidManifest.xml:40:13-42:29
236                <action android:name="androidx.profileinstaller.action.INSTALL_PROFILE" />
236-->[androidx.profileinstaller:profileinstaller:1.3.1] AndroidManifest.xml:41:17-91
236-->[androidx.profileinstaller:profileinstaller:1.3.1] AndroidManifest.xml:41:25-88
237            </intent-filter>
238            <intent-filter>
238-->[androidx.profileinstaller:profileinstaller:1.3.1] AndroidManifest.xml:43:13-45:29
239                <action android:name="androidx.profileinstaller.action.SKIP_FILE" />
239-->[androidx.profileinstaller:profileinstaller:1.3.1] AndroidManifest.xml:44:17-85
239-->[androidx.profileinstaller:profileinstaller:1.3.1] AndroidManifest.xml:44:25-82
240            </intent-filter>
241            <intent-filter>
241-->[androidx.profileinstaller:profileinstaller:1.3.1] AndroidManifest.xml:46:13-48:29
242                <action android:name="androidx.profileinstaller.action.SAVE_PROFILE" />
242-->[androidx.profileinstaller:profileinstaller:1.3.1] AndroidManifest.xml:47:17-88
242-->[androidx.profileinstaller:profileinstaller:1.3.1] AndroidManifest.xml:47:25-85
243            </intent-filter>
244            <intent-filter>
244-->[androidx.profileinstaller:profileinstaller:1.3.1] AndroidManifest.xml:49:13-51:29
245                <action android:name="androidx.profileinstaller.action.BENCHMARK_OPERATION" />
245-->[androidx.profileinstaller:profileinstaller:1.3.1] AndroidManifest.xml:50:17-95
245-->[androidx.profileinstaller:profileinstaller:1.3.1] AndroidManifest.xml:50:25-92
246            </intent-filter>
247        </receiver>
248
249        <service
249-->[com.google.android.datatransport:transport-backend-cct:2.3.3] AndroidManifest.xml:29:9-35:19
250            android:name="com.google.android.datatransport.runtime.backends.TransportBackendDiscovery"
250-->[com.google.android.datatransport:transport-backend-cct:2.3.3] AndroidManifest.xml:30:13-103
251            android:exported="false" >
251-->[com.google.android.datatransport:transport-backend-cct:2.3.3] AndroidManifest.xml:31:13-37
252            <meta-data
252-->[com.google.android.datatransport:transport-backend-cct:2.3.3] AndroidManifest.xml:32:13-34:39
253                android:name="backend:com.google.android.datatransport.cct.CctBackendFactory"
253-->[com.google.android.datatransport:transport-backend-cct:2.3.3] AndroidManifest.xml:33:17-94
254                android:value="cct" />
254-->[com.google.android.datatransport:transport-backend-cct:2.3.3] AndroidManifest.xml:34:17-36
255        </service>
256        <service
256-->[com.google.android.datatransport:transport-runtime:2.2.6] AndroidManifest.xml:26:9-30:19
257            android:name="com.google.android.datatransport.runtime.scheduling.jobscheduling.JobInfoSchedulerService"
257-->[com.google.android.datatransport:transport-runtime:2.2.6] AndroidManifest.xml:27:13-117
258            android:exported="false"
258-->[com.google.android.datatransport:transport-runtime:2.2.6] AndroidManifest.xml:28:13-37
259            android:permission="android.permission.BIND_JOB_SERVICE" >
259-->[com.google.android.datatransport:transport-runtime:2.2.6] AndroidManifest.xml:29:13-69
260        </service>
261
262        <receiver
262-->[com.google.android.datatransport:transport-runtime:2.2.6] AndroidManifest.xml:32:9-34:40
263            android:name="com.google.android.datatransport.runtime.scheduling.jobscheduling.AlarmManagerSchedulerBroadcastReceiver"
263-->[com.google.android.datatransport:transport-runtime:2.2.6] AndroidManifest.xml:33:13-132
264            android:exported="false" />
264-->[com.google.android.datatransport:transport-runtime:2.2.6] AndroidManifest.xml:34:13-37
265    </application>
266
267</manifest>